<?xml version="1.0" encoding="UTF-8"?>
<!-- Generated by org.testng.reporters.JUnitXMLReporter -->
<testsuite ignored="0" hostname="USHYDLTATAVART2" failures="0" tests="3" name="Default test" time="17.915" errors="0" timestamp="27 Jul 2020 17:47:11 GMT">
  <testcase classname="com.PCRM.Testcases.CalenderpageTest" name="login" time="8.567"/>
  <testcase classname="com.PCRM.Testcases.CalenderpageTest" name="clickonclender" time="2.067"/>
  <testcase classname="com.PCRM.Testcases.CalenderpageTest" name="clickeventoncalenderpage" time="0.0">
    <skipped/>
  </testcase> <!-- clickeventoncalenderpage -->
</testsuite> <!-- Default test -->
