<?xml version="1.0" encoding="UTF-8"?>
<!-- Generated by org.testng.reporters.JUnitXMLReporter -->
<testsuite ignored="0" hostname="USHYDLTATAVART2" failures="0" tests="5" name="Test" time="39.811" errors="0" timestamp="12 Aug 2020 16:31:02 GMT">
  <testcase classname="com.PCRM.Testcases.LoginPageTestcase" name="gettitle" time="0.014"/>
  <testcase classname="com.PCRM.Testcases.CalenderpageTest" name="login" time="25.646"/>
  <testcase classname="com.PCRM.Testcases.LoginPageTestcase" name="verifyloginfunction" time="6.835"/>
  <testcase classname="com.PCRM.Testcases.CalenderpageTest" name="clickonclender" time="1.507"/>
  <testcase classname="com.PCRM.Testcases.CalenderpageTest" name="clickeventoncalenderpage" time="1.158"/>
</testsuite> <!-- Test -->
