<?xml version="1.0" encoding="UTF-8"?>
<!-- Generated by org.testng.reporters.JUnitXMLReporter -->
<testsuite ignored="0" hostname="USHYDLTATAVART2" failures="0" tests="5" name="Test" time="31.499" errors="0" timestamp="04 Aug 2020 13:31:32 GMT">
  <testcase classname="com.PCRM.Testcases.LoginPageTestcase" name="gettitle" time="0.014"/>
  <testcase classname="com.PCRM.Testcases.CalenderpageTest" name="login" time="7.598"/>
  <testcase classname="com.PCRM.Testcases.LoginPageTestcase" name="verifyloginfunction" time="8.311"/>
  <testcase classname="com.PCRM.Testcases.CalenderpageTest" name="clickonclender" time="1.495"/>
  <testcase classname="com.PCRM.Testcases.CalenderpageTest" name="clickeventoncalenderpage" time="1.254"/>
</testsuite> <!-- Test -->
