<?xml version="1.0" encoding="UTF-8"?>
<testng-results ignored="0" total="5" passed="5" failed="0" skipped="0">
  <reporter-output>
  </reporter-output>
  <suite started-at="2020-08-04T13:31:00Z" name="Suite" finished-at="2020-08-04T13:31:32Z" duration-ms="31499">
    <groups>
    </groups>
    <test started-at="2020-08-04T13:31:00Z" name="Test" finished-at="2020-08-04T13:31:32Z" duration-ms="31499">
      <class name="com.PCRM.Testcases.LoginPageTestcase">
        <test-method signature="gettitle()[pri:1, instance:com.PCRM.Testcases.LoginPageTestcase@5aebe890]" started-at="2020-08-04T19:01:12Z" name="gettitle" finished-at="2020-08-04T19:01:12Z" duration-ms="14" status="PASS">
          <reporter-output>
          </reporter-output>
        </test-method> <!-- gettitle -->
        <test-method signature="verifyloginfunction()[pri:2, instance:com.PCRM.Testcases.LoginPageTestcase@5aebe890]" started-at="2020-08-04T19:01:20Z" name="verifyloginfunction" finished-at="2020-08-04T19:01:28Z" duration-ms="8311" status="PASS">
          <reporter-output>
          </reporter-output>
        </test-method> <!-- verifyloginfunction -->
      </class> <!-- com.PCRM.Testcases.LoginPageTestcase -->
      <class name="com.PCRM.Testcases.CalenderpageTest">
        <test-method is-config="true" signature="setup()[pri:0, instance:com.PCRM.Testcases.CalenderpageTest@65d09a04]" started-at="2020-08-04T19:01:00Z" name="setup" finished-at="2020-08-04T19:01:06Z" duration-ms="6037" status="PASS">
          <reporter-output>
          </reporter-output>
        </test-method> <!-- setup -->
        <test-method is-config="true" signature="setup()[pri:0, instance:com.PCRM.Testcases.LoginPageTestcase@5aebe890]" started-at="2020-08-04T19:01:06Z" name="setup" finished-at="2020-08-04T19:01:12Z" duration-ms="6230" status="PASS">
          <reporter-output>
          </reporter-output>
        </test-method> <!-- setup -->
        <test-method signature="login()[pri:1, instance:com.PCRM.Testcases.CalenderpageTest@65d09a04]" started-at="2020-08-04T19:01:12Z" name="login" finished-at="2020-08-04T19:01:20Z" duration-ms="7598" status="PASS">
          <reporter-output>
          </reporter-output>
        </test-method> <!-- login -->
        <test-method signature="clickonclender()[pri:2, instance:com.PCRM.Testcases.CalenderpageTest@65d09a04]" started-at="2020-08-04T19:01:28Z" name="clickonclender" finished-at="2020-08-04T19:01:30Z" duration-ms="1495" status="PASS">
          <reporter-output>
          </reporter-output>
        </test-method> <!-- clickonclender -->
        <test-method signature="clickeventoncalenderpage(java.lang.String)[pri:3, instance:com.PCRM.Testcases.CalenderpageTest@65d09a04]" started-at="2020-08-04T19:01:30Z" name="clickeventoncalenderpage" data-provider="getCaldendardata" finished-at="2020-08-04T19:01:31Z" duration-ms="1254" status="PASS">
          <params>
            <param index="0">
              <value>
                <![CDATA[MusicalEvent]]>
              </value>
            </param>
          </params>
          <reporter-output>
          </reporter-output>
        </test-method> <!-- clickeventoncalenderpage -->
        <test-method is-config="true" signature="quit()[pri:0, instance:com.PCRM.Testcases.CalenderpageTest@65d09a04]" started-at="2020-08-04T19:01:31Z" name="quit" finished-at="2020-08-04T19:01:32Z" duration-ms="105" status="PASS">
          <reporter-output>
          </reporter-output>
        </test-method> <!-- quit -->
        <test-method is-config="true" signature="quit()[pri:0, instance:com.PCRM.Testcases.LoginPageTestcase@5aebe890]" started-at="2020-08-04T19:01:32Z" name="quit" finished-at="2020-08-04T19:01:32Z" duration-ms="0" status="PASS">
          <reporter-output>
          </reporter-output>
        </test-method> <!-- quit -->
      </class> <!-- com.PCRM.Testcases.CalenderpageTest -->
    </test> <!-- Test -->
  </suite> <!-- Suite -->
</testng-results>
